35996 106741
36109 107075
36247 106432
36360 107193
36483 106984
36634 107105
36756 106669
36858 107084
36980 106798
37103 106587
37232 cached
37374 cached
37517 106600
37645 107003
37780 106768
37935 106968
38057 106872
38204 106614
38309 106668
38458 105540
38591 106770
38753 107066
38916 106506
39102 107113
39261 106621
39420 107115
39581 106763
39692 107170
39837 106886
40019 107274
40155 105128
40321 106850
40450 106829
40667 106984
40769 106879
40923 106977
40926 107023
41071 106666
41229 106961
41376 106734
41527 107011
41683 106881
41822 106516
41968 106680
42123 105382
42251 106802
42427 106619
42579 106642
42710 107014
42867 106663
43013 105452
43152 106802
43258 106980
43395 106877
43517 106973
43662 106648
43790 107017
43928 106457
44074 106985
44221 106880
44351 106992
44487 cached
44625 cached
44754 106723
44877 106939
44980 106487
45094 107019
45239 106616
45374 106922
45490 106765
45616 106912
45735 106522
45861 105043
46013 106653
46162 106969
46315 106418
46421 107048
46565 106545
46676 106875
46811 106671
46928 106871
47043 cached
47185 cached
47309 106885
47443 106926
47604 106648
47750 106954
47891 106754
48033 106997
48152 106962
48277 105017
48402 106678
48522 106973
48649 106781
48751 106965
48879 106904
49011 106909
49152 106612
49296 107027
49405 106766
49453 106734
49513 106869
49611 107006
49675 106752
49750 107096
49820 106815
49875 106929
49951 106858
50023 106898
50088 106597
50152 108010
50221 106742
50293 107653
50361 106849
50442 107530
50516 106641
50595 107604
50659 106756
50726 107870
50805 106884
50891 106327
50984 106618
51043 107887
51133 106378
51195 106441
51271 106855
51359 108069
51425 106805
51507 106715
51575 106992
51658 108445
51663 107146
51823 108036
51831 107593
51979 108442
51992 107144
52149 108264
52159 106995
52325 108251
52341 107705
52483 108274
52497 107172
52646 108190
52657 107235
53012 108191
53047 107863
53197 108264
53207 107197
53345 108214
53357 107356
53491 108339
53502 107370
53631 107854
53644 106844
53783 108243
53792 105814
53942 108171
53960 107721
54119 108510
54122 cached
54130 107057
54289 108457
54292 107428
54299 107249
54473 106790
54476 108394
54483 107515
54615 108453
54617 106616
54629 107111
54778 106669
54779 108450
54789 107392
54963 108473
54966 106882
54980 107732
55137 108406
55140 106636
55148 107175
55299 108376
55302 106619
55311 107077
55439 108401
55447 106829
55457 106031
55589 107782
55595 106800
55612 106909
55760 108101
55764 106756
55771 107105
55952 108061
55958 107110
55976 107568
56126 107984
56128 106775
56134 106978
56292 108175
56296 107215
56304 107229
56463 108134
56468 107438
56485 107255
56659 108115
56670 106889
56671 107143
56821 108155
56829 107202
56847 105561
57027 108154
57029 107579
57046 107593
57223 108187
57226 107202
57233 106931
57418 106644
57422 105675
57433 107684
57589 108278
57590 107624
57601 107712
57816 108272
57819 107332
57828 105386
58010 108307
58015 107047
58017 107047
58178 106687
58184 107352
58185 107533
58400 108293
58404 107072
58405 106763
58601 108475
58607 106874
58609 107098
58785 108385
58787 107452
58790 107723
59005 108554
59007 106808
59009 107286
59209 108398
59213 107203
59215 106860
59425 107707
59426 107547
59430 108486
59651 108642
59656 106803
59658 107132
59874 108576
59880 107163
59882 105607
60072 108586
60075 107663
60101 107577
60332 108617
60337 106810
60338 107111
60554 108615
60559 107057
60560 107117
60738 108440
60741 107458
60744 107586
